{"uid":"9554cd27de2ae2cc","name":"AssertFile","fullName":"CoreProject/Features/CreateEntity/AssertFile","historyId":"8272660c09880ecd97fded9490d654eb","time":{"start":1714000344070,"stop":1714000347375,"duration":3305},"status":"failed","statusMessage":"  Assert.That(false, Is.True)\n  Expected: True\n  But was:  False\n","statusTrace":"NUnit.Framework.AssertionException:   Assert.That(false, Is.True)\n  Expected: True\n  But was:  False\n\n   at NUnit.Framework.Assert.ReportFailure(String message)\n   at NUnit.Framework.Assert.ReportFailure(ConstraintResult result, String message, String actualExpression, String constraintExpression)\n   at NUnit.Framework.Assert.That[TActual](TActual actual, IResolveConstraint expression, NUnitString message, String actualExpression, String constraintExpression)\n   at NUnit.Framework.Assert.That(Boolean condition, NUnitString message, String actualExpression)\n   at CoreProject.StepDefinitions.CreateEntityStepDefinitions.<>c.<ThenFail>b__17_0() in /home/runner/work/AQA_MTS_GraduateWork/AQA_MTS_GraduateWork/CoreProject/StepDefinitions/CreateEntityStepDefinitions.cs:line 132\n   at Allure.Net.Commons.AllureApi.<>c__DisplayClass34_0.<Step>b__0()\n   at Allure.Net.Commons.AllureApi.ExecuteAction[T](String name, Action`1 start, Func`1 action, Action`1 resolve)\n   at Allure.Net.Commons.AllureApi.Step(String name, Action action)\n   at CoreProject.StepDefinitions.CreateEntityStepDefinitions.ThenFail() in /home/runner/work/AQA_MTS_GraduateWork/AQA_MTS_GraduateWork/CoreProject/StepDefinitions/CreateEntityStepDefinitions.cs:line 130\n   at InvokeStub_Action`1.Invoke(Object, Object, IntPtr*)\n   at System.Reflection.MethodInvoker.Invoke(Object obj, IntPtr* args, BindingFlags invokeAttr)\n   at TechTalk.SpecFlow.Bindings.BindingInvoker.InvokeBinding(IBinding binding, IContextManager contextManager, Object[] arguments, ITestTracer testTracer, TimeSpan& duration)\n   at TechTalk.SpecFlow.Infrastructure.TestExecutionEngine.ExecuteStepMatch(BindingMatch match, Object[] arguments, TimeSpan& duration)\n   at TechTalk.SpecFlow.Infrastructure.TestExecutionEngine.ExecuteStep(IContextManager contextManager, StepInstance stepInstance)","flaky":false,"newFailed":true,"newBroken":false,"newPassed":false,"retriesCount":0,"retriesStatusChange":false,"beforeStages":[{"name":"BeforeGUIScenario [10000]","time":{"start":1714000342035,"stop":1714000344070,"duration":2035},"status":"passed","steps":[{"name":"Открываем https://app.qase.io/","time":{"start":1714000342268,"stop":1714000342268,"duration":0},"status":"passed","steps":[],"attachments":[],"parameters":[],"shouldDisplayMessage":false,"stepsCount":0,"attachmentsCount":0,"hasContent":false},{"name":"Создать тестовый проект","time":{"start":1714000343244,"stop":1714000343244,"duration":0},"status":"passed","steps":[],"attachments":[],"parameters":[],"shouldDisplayMessage":false,"stepsCount":0,"attachmentsCount":0,"hasContent":false},{"name":"Создать тестовый случай","time":{"start":1714000343623,"stop":1714000343623,"duration":0},"status":"passed","steps":[],"attachments":[],"parameters":[],"shouldDisplayMessage":false,"stepsCount":0,"attachmentsCount":0,"hasContent":false},{"name":"Создать тестовый случай","time":{"start":1714000343834,"stop":1714000343834,"duration":0},"status":"passed","steps":[],"attachments":[],"parameters":[],"shouldDisplayMessage":false,"stepsCount":0,"attachmentsCount":0,"hasContent":false}],"attachments":[],"parameters":[],"shouldDisplayMessage":false,"stepsCount":4,"attachmentsCount":0,"hasContent":true}],"testStage":{"status":"failed","statusMessage":"  Assert.That(false, Is.True)\n  Expected: True\n  But was:  False\n","statusTrace":"NUnit.Framework.AssertionException:   Assert.That(false, Is.True)\n  Expected: True\n  But was:  False\n\n   at NUnit.Framework.Assert.ReportFailure(String message)\n   at NUnit.Framework.Assert.ReportFailure(ConstraintResult result, String message, String actualExpression, String constraintExpression)\n   at NUnit.Framework.Assert.That[TActual](TActual actual, IResolveConstraint expression, NUnitString message, String actualExpression, String constraintExpression)\n   at NUnit.Framework.Assert.That(Boolean condition, NUnitString message, String actualExpression)\n   at CoreProject.StepDefinitions.CreateEntityStepDefinitions.<>c.<ThenFail>b__17_0() in /home/runner/work/AQA_MTS_GraduateWork/AQA_MTS_GraduateWork/CoreProject/StepDefinitions/CreateEntityStepDefinitions.cs:line 132\n   at Allure.Net.Commons.AllureApi.<>c__DisplayClass34_0.<Step>b__0()\n   at Allure.Net.Commons.AllureApi.ExecuteAction[T](String name, Action`1 start, Func`1 action, Action`1 resolve)\n   at Allure.Net.Commons.AllureApi.Step(String name, Action action)\n   at CoreProject.StepDefinitions.CreateEntityStepDefinitions.ThenFail() in /home/runner/work/AQA_MTS_GraduateWork/AQA_MTS_GraduateWork/CoreProject/StepDefinitions/CreateEntityStepDefinitions.cs:line 130\n   at InvokeStub_Action`1.Invoke(Object, Object, IntPtr*)\n   at System.Reflection.MethodInvoker.Invoke(Object obj, IntPtr* args, BindingFlags invokeAttr)\n   at TechTalk.SpecFlow.Bindings.BindingInvoker.InvokeBinding(IBinding binding, IContextManager contextManager, Object[] arguments, ITestTracer testTracer, TimeSpan& duration)\n   at TechTalk.SpecFlow.Infrastructure.TestExecutionEngine.ExecuteStepMatch(BindingMatch match, Object[] arguments, TimeSpan& duration)\n   at TechTalk.SpecFlow.Infrastructure.TestExecutionEngine.ExecuteStep(IContextManager contextManager, StepInstance stepInstance)","steps":[{"name":"Given  open the Project","time":{"start":1714000344070,"stop":1714000347318,"duration":3248},"status":"passed","steps":[{"name":"���� � ����������� ��������� �������","time":{"start":1714000344072,"stop":1714000344072,"duration":0},"status":"passed","steps":[],"attachments":[],"parameters":[],"shouldDisplayMessage":false,"stepsCount":0,"attachmentsCount":0,"hasContent":false},{"name":"Идем в репозиторий проекта","time":{"start":1714000344072,"stop":1714000344072,"duration":0},"status":"passed","steps":[],"attachments":[],"parameters":[],"shouldDisplayMessage":false,"stepsCount":0,"attachmentsCount":0,"hasContent":false},{"name":"Идем в меню проекты","time":{"start":1714000344072,"stop":1714000344072,"duration":0},"status":"passed","steps":[],"attachments":[],"parameters":[],"shouldDisplayMessage":false,"stepsCount":0,"attachmentsCount":0,"hasContent":false},{"name":"Логин генерик","time":{"start":1714000344431,"stop":1714000344431,"duration":0},"status":"passed","steps":[],"attachments":[],"parameters":[],"shouldDisplayMessage":false,"stepsCount":0,"attachmentsCount":0,"hasContent":false}],"attachments":[],"parameters":[],"shouldDisplayMessage":false,"stepsCount":4,"attachmentsCount":0,"hasContent":true},{"name":"Then  fail","time":{"start":1714000347318,"stop":1714000347348,"duration":30},"status":"failed","statusMessage":"  Assert.That(false, Is.True)\n  Expected: True\n  But was:  False\n","statusTrace":"NUnit.Framework.AssertionException:   Assert.That(false, Is.True)\n  Expected: True\n  But was:  False\n\n   at NUnit.Framework.Assert.ReportFailure(String message)\n   at NUnit.Framework.Assert.ReportFailure(ConstraintResult result, String message, String actualExpression, String constraintExpression)\n   at NUnit.Framework.Assert.That[TActual](TActual actual, IResolveConstraint expression, NUnitString message, String actualExpression, String constraintExpression)\n   at NUnit.Framework.Assert.That(Boolean condition, NUnitString message, String actualExpression)\n   at CoreProject.StepDefinitions.CreateEntityStepDefinitions.<>c.<ThenFail>b__17_0() in /home/runner/work/AQA_MTS_GraduateWork/AQA_MTS_GraduateWork/CoreProject/StepDefinitions/CreateEntityStepDefinitions.cs:line 132\n   at Allure.Net.Commons.AllureApi.<>c__DisplayClass34_0.<Step>b__0()\n   at Allure.Net.Commons.AllureApi.ExecuteAction[T](String name, Action`1 start, Func`1 action, Action`1 resolve)\n   at Allure.Net.Commons.AllureApi.Step(String name, Action action)\n   at CoreProject.StepDefinitions.CreateEntityStepDefinitions.ThenFail() in /home/runner/work/AQA_MTS_GraduateWork/AQA_MTS_GraduateWork/CoreProject/StepDefinitions/CreateEntityStepDefinitions.cs:line 130\n   at InvokeStub_Action`1.Invoke(Object, Object, IntPtr*)\n   at System.Reflection.MethodInvoker.Invoke(Object obj, IntPtr* args, BindingFlags invokeAttr)\n   at TechTalk.SpecFlow.Bindings.BindingInvoker.InvokeBinding(IBinding binding, IContextManager contextManager, Object[] arguments, ITestTracer testTracer, TimeSpan& duration)\n   at TechTalk.SpecFlow.Infrastructure.TestExecutionEngine.ExecuteStepMatch(BindingMatch match, Object[] arguments, TimeSpan& duration)\n   at TechTalk.SpecFlow.Infrastructure.TestExecutionEngine.ExecuteStep(IContextManager contextManager, StepInstance stepInstance)","steps":[{"name":"��� ��� �� ������, �� ��� �� � �� ������, ������ ��� ������","time":{"start":1714000347319,"stop":1714000347346,"duration":27},"status":"failed","statusMessage":"  Assert.That(false, Is.True)\n  Expected: True\n  But was:  False\n","statusTrace":"NUnit.Framework.AssertionException:   Assert.That(false, Is.True)\n  Expected: True\n  But was:  False\n\n   at NUnit.Framework.Assert.ReportFailure(String message)\n   at NUnit.Framework.Assert.ReportFailure(ConstraintResult result, String message, String actualExpression, String constraintExpression)\n   at NUnit.Framework.Assert.That[TActual](TActual actual, IResolveConstraint expression, NUnitString message, String actualExpression, String constraintExpression)\n   at NUnit.Framework.Assert.That(Boolean condition, NUnitString message, String actualExpression)\n   at CoreProject.StepDefinitions.CreateEntityStepDefinitions.<>c.<ThenFail>b__17_0() in /home/runner/work/AQA_MTS_GraduateWork/AQA_MTS_GraduateWork/CoreProject/StepDefinitions/CreateEntityStepDefinitions.cs:line 132\n   at Allure.Net.Commons.AllureApi.<>c__DisplayClass34_0.<Step>b__0()\n   at Allure.Net.Commons.AllureApi.ExecuteAction[T](String name, Action`1 start, Func`1 action, Action`1 resolve)\n   at Allure.Net.Commons.AllureApi.Step(String name, Action action)\n   at CoreProject.StepDefinitions.CreateEntityStepDefinitions.ThenFail() in /home/runner/work/AQA_MTS_GraduateWork/AQA_MTS_GraduateWork/CoreProject/StepDefinitions/CreateEntityStepDefinitions.cs:line 130\n   at InvokeStub_Action`1.Invoke(Object, Object, IntPtr*)\n   at System.Reflection.MethodInvoker.Invoke(Object obj, IntPtr* args, BindingFlags invokeAttr)","steps":[],"attachments":[],"parameters":[],"shouldDisplayMessage":true,"stepsCount":0,"attachmentsCount":0,"hasContent":true}],"attachments":[],"parameters":[],"shouldDisplayMessage":false,"stepsCount":1,"attachmentsCount":0,"hasContent":true}],"attachments":[],"parameters":[],"shouldDisplayMessage":false,"stepsCount":7,"attachmentsCount":0,"hasContent":true},"afterStages":[{"name":"AfterScenario [10000]","time":{"start":1714000347375,"stop":1714000347978,"duration":603},"status":"passed","steps":[{"name":"Удаление Тестовых данных","time":{"start":1714000347376,"stop":1714000347376,"duration":0},"status":"passed","steps":[],"attachments":[],"parameters":[],"shouldDisplayMessage":false,"stepsCount":0,"attachmentsCount":0,"hasContent":false},{"name":"Удалить тестовый проект","time":{"start":1714000347376,"stop":1714000347376,"duration":0},"status":"passed","steps":[],"attachments":[],"parameters":[],"shouldDisplayMessage":false,"stepsCount":0,"attachmentsCount":0,"hasContent":false}],"attachments":[{"uid":"1b3ffc5821b2009e","name":"Screenshot","source":"1b3ffc5821b2009e.png","type":"image/png","size":24691},{"uid":"687a7c79fcc56c52","name":"data.txt","source":"687a7c79fcc56c52.txt","type":"text/plain","size":25}],"parameters":[],"shouldDisplayMessage":false,"stepsCount":2,"attachmentsCount":2,"hasContent":true}],"labels":[{"name":"thread","value":"NonParallelWorker"},{"name":"host","value":"fv-az840-177"},{"name":"language","value":"C#"},{"name":"framework","value":"SpecFlow"},{"name":"feature","value":"CreateEntity"},{"name":"tag","value":"allure.label.story:EntityTest"},{"name":"tag","value":"ENTITY"},{"name":"tag","value":"allure.label.epic:GUI"},{"name":"tag","value":"allure.label.suite:GUI"},{"name":"tag","value":"allure.label.subSuite:CreateEntity"},{"name":"resultFormat","value":"allure2"}],"parameters":[],"links":[],"hidden":false,"retry":false,"extra":{"severity":"normal","retries":[],"categories":[{"name":"Product defects","matchedStatuses":[],"flaky":false}],"history":{"statistic":{"failed":1,"broken":0,"skipped":0,"passed":1,"unknown":0,"total":2},"items":[{"uid":"fcaaab681ee5d035","reportUrl":"https://aepetrov66.github.io/AQA_MTS_GraduateWork/7//#testresult/fcaaab681ee5d035","status":"passed","time":{"start":1713998337231,"stop":1713998340774,"duration":3543}}]},"tags":["allure.label.subSuite:CreateEntity","ENTITY","allure.label.story:EntityTest","allure.label.epic:GUI","allure.label.suite:GUI"]},"source":"9554cd27de2ae2cc.json","parameterValues":[]}